<?xml version="1.0" encoding="UTF-8"?>
<testng-results skipped="1" failed="0" total="9" passed="8">
  <reporter-output>
  </reporter-output>
  <suite name="TestNG Load Testing Suite" duration-ms="40057" started-at="2019-12-13T08:30:50Z" finished-at="2019-12-13T08:31:31Z">
    <groups>
    </groups>
    <test name="Selenium Load Test" duration-ms="40057" started-at="2019-12-13T08:30:50Z" finished-at="2019-12-13T08:31:31Z">
      <class name="com.sonatype.console.selenium.LoadTestScenario">
        <test-method status="PASS" signature="beforeClass()[pri:0, instance:com.sonatype.console.selenium.LoadTestScenario@3ec300f1]" name="beforeClass" is-config="true" duration-ms="23713" started-at="2019-12-13T03:30:50Z" finished-at="2019-12-13T03:31:14Z">
          <reporter-output>
          </reporter-output>
        </test-method> <!-- beforeClass -->
        <test-method status="SKIP" signature="testcase0()[pri:0, instance:com.sonatype.console.selenium.LoadTestScenario@3ec300f1]" name="testcase0" duration-ms="1" started-at="2019-12-13T03:31:14Z" description="Intentionally Skip This Case" finished-at="2019-12-13T03:31:14Z">
          <exception class="org.testng.SkipException">
            <message>
              <![CDATA[Skipping the test case]]>
            </message>
            <full-stacktrace>
              <![CDATA[org.testng.SkipException: Skipping the test case
	at com.sonatype.console.selenium.LoadTestScenario.testcase0(LoadTestScenario.java:34)
	at sun.reflect.NativeMethodAccessorImpl.invoke0(Native Method)
	at sun.reflect.NativeMethodAccessorImpl.invoke(NativeMethodAccessorImpl.java:62)
	at sun.reflect.DelegatingMethodAccessorImpl.invoke(DelegatingMethodAccessorImpl.java:43)
	at java.lang.reflect.Method.invoke(Method.java:498)
	at org.testng.internal.MethodInvocationHelper.invokeMethod(MethodInvocationHelper.java:86)
	at org.testng.internal.Invoker.invokeMethod(Invoker.java:643)
	at org.testng.internal.Invoker.invokeTestMethod(Invoker.java:820)
	at org.testng.internal.Invoker.invokeTestMethods(Invoker.java:1128)
	at org.testng.internal.TestMethodWorker.invokeTestMethods(TestMethodWorker.java:129)
	at org.testng.internal.TestMethodWorker.run(TestMethodWorker.java:112)
	at org.testng.TestRunner.privateRun(TestRunner.java:782)
	at org.testng.TestRunner.run(TestRunner.java:632)
	at org.testng.SuiteRunner.runTest(SuiteRunner.java:366)
	at org.testng.SuiteRunner.runSequentially(SuiteRunner.java:361)
	at org.testng.SuiteRunner.privateRun(SuiteRunner.java:319)
	at org.testng.SuiteRunner.run(SuiteRunner.java:268)
	at org.testng.SuiteRunnerWorker.runSuite(SuiteRunnerWorker.java:52)
	at org.testng.SuiteRunnerWorker.run(SuiteRunnerWorker.java:86)
	at org.testng.TestNG.runSuitesSequentially(TestNG.java:1244)
	at org.testng.TestNG.runSuitesLocally(TestNG.java:1169)
	at org.testng.TestNG.run(TestNG.java:1064)
	at org.apache.maven.surefire.testng.TestNGExecutor.run(TestNGExecutor.java:295)
	at org.apache.maven.surefire.testng.TestNGXmlTestSuite.execute(TestNGXmlTestSuite.java:84)
	at org.apache.maven.surefire.testng.TestNGProvider.invoke(TestNGProvider.java:90)
	at org.apache.maven.surefire.booter.ForkedBooter.invokeProviderInSameClassLoader(ForkedBooter.java:203)
	at org.apache.maven.surefire.booter.ForkedBooter.runSuitesInProcess(ForkedBooter.java:155)
	at org.apache.maven.surefire.booter.ForkedBooter.main(ForkedBooter.java:103)
]]>
            </full-stacktrace>
          </exception> <!-- org.testng.SkipException -->
          <reporter-output>
          </reporter-output>
        </test-method> <!-- testcase0 -->
        <test-method status="PASS" signature="testcase1(java.lang.String)[pri:0, instance:com.sonatype.console.selenium.LoadTestScenario@3ec300f1]" name="testcase1" duration-ms="3277" started-at="2019-12-13T03:31:14Z" description="Input Title Test" finished-at="2019-12-13T03:31:18Z">
          <params>
            <param index="0">
              <value>
                <![CDATA[http://console.numtoword.dice.red/numtoword-mvc-dash/]]>
              </value>
            </param>
          </params>
          <reporter-output>
          </reporter-output>
        </test-method> <!-- testcase1 -->
        <test-method status="PASS" signature="testcase2(java.lang.String)[pri:0, instance:com.sonatype.console.selenium.LoadTestScenario@3ec300f1]" name="testcase2" duration-ms="4298" started-at="2019-12-13T03:31:18Z" description="Valid Output Page Test" finished-at="2019-12-13T03:31:22Z">
          <params>
            <param index="0">
              <value>
                <![CDATA[http://console.numtoword.dice.red/numtoword-mvc-dash/]]>
              </value>
            </param>
          </params>
          <reporter-output>
          </reporter-output>
        </test-method> <!-- testcase2 -->
        <test-method status="PASS" signature="testcase3(java.lang.String)[pri:0, instance:com.sonatype.console.selenium.LoadTestScenario@3ec300f1]" name="testcase3" duration-ms="324" started-at="2019-12-13T03:31:22Z" description="Valid Output Page Test" finished-at="2019-12-13T03:31:22Z">
          <params>
            <param index="0">
              <value>
                <![CDATA[http://console.numtoword.dice.red/numtoword-mvc-dash/]]>
              </value>
            </param>
          </params>
          <reporter-output>
          </reporter-output>
        </test-method> <!-- testcase3 -->
        <test-method status="PASS" signature="testcase4(java.lang.String)[pri:0, instance:com.sonatype.console.selenium.LoadTestScenario@3ec300f1]" name="testcase4" duration-ms="341" started-at="2019-12-13T03:31:22Z" description="Valid Output Page Test" finished-at="2019-12-13T03:31:22Z">
          <params>
            <param index="0">
              <value>
                <![CDATA[http://console.numtoword.dice.red/numtoword-mvc-dash/]]>
              </value>
            </param>
          </params>
          <reporter-output>
          </reporter-output>
        </test-method> <!-- testcase4 -->
        <test-method status="PASS" signature="testcase5(java.lang.String)[pri:0, instance:com.sonatype.console.selenium.LoadTestScenario@3ec300f1]" name="testcase5" duration-ms="286" started-at="2019-12-13T03:31:22Z" description="Valid Output Page Test" finished-at="2019-12-13T03:31:23Z">
          <params>
            <param index="0">
              <value>
                <![CDATA[http://console.numtoword.dice.red/numtoword-mvc-dash/]]>
              </value>
            </param>
          </params>
          <reporter-output>
          </reporter-output>
        </test-method> <!-- testcase5 -->
        <test-method status="PASS" signature="testcase6(java.lang.String)[pri:0, instance:com.sonatype.console.selenium.LoadTestScenario@3ec300f1]" name="testcase6" duration-ms="297" started-at="2019-12-13T03:31:23Z" description="Valid Output Page Test" finished-at="2019-12-13T03:31:23Z">
          <params>
            <param index="0">
              <value>
                <![CDATA[http://console.numtoword.dice.red/numtoword-mvc-dash/]]>
              </value>
            </param>
          </params>
          <reporter-output>
          </reporter-output>
        </test-method> <!-- testcase6 -->
        <test-method status="PASS" signature="testcase7(java.lang.String)[pri:0, instance:com.sonatype.console.selenium.LoadTestScenario@3ec300f1]" name="testcase7" duration-ms="537" started-at="2019-12-13T03:31:23Z" description="Valid Output Page Test" finished-at="2019-12-13T03:31:24Z">
          <params>
            <param index="0">
              <value>
                <![CDATA[http://console.numtoword.dice.red/numtoword-mvc-dash/]]>
              </value>
            </param>
          </params>
          <reporter-output>
          </reporter-output>
        </test-method> <!-- testcase7 -->
        <test-method status="PASS" signature="testcase8(java.lang.String)[pri:0, instance:com.sonatype.console.selenium.LoadTestScenario@3ec300f1]" name="testcase8" duration-ms="2611" started-at="2019-12-13T03:31:24Z" description="Valid Output Page Test" finished-at="2019-12-13T03:31:26Z">
          <params>
            <param index="0">
              <value>
                <![CDATA[http://console.numtoword.dice.red/numtoword-mvc-dash/]]>
              </value>
            </param>
          </params>
          <reporter-output>
          </reporter-output>
        </test-method> <!-- testcase8 -->
        <test-method status="PASS" signature="afterClass()[pri:0, instance:com.sonatype.console.selenium.LoadTestScenario@3ec300f1]" name="afterClass" is-config="true" duration-ms="4353" started-at="2019-12-13T03:31:26Z" finished-at="2019-12-13T03:31:31Z">
          <reporter-output>
          </reporter-output>
        </test-method> <!-- afterClass -->
      </class> <!-- com.sonatype.console.selenium.LoadTestScenario -->
    </test> <!-- Selenium Load Test -->
  </suite> <!-- TestNG Load Testing Suite -->
</testng-results>
